  glad.c
  proyecto.cpp
D:\Documentos Main\CMgra\LAB\repos vs\ProyectoFinal\include\shader_m.h(44,40): warning C4101: 'e': variable local sin referencia
D:\Documentos Main\CMgra\LAB\repos vs\ProyectoFinal\include\modelAnim.h(104,44): warning C4244: '=': conversión de 'double' a 'float'; posible pérdida de datos
D:\Documentos Main\CMgra\LAB\repos vs\ProyectoFinal\include\modelAnim.h(520,24): warning C4244: 'inicializando': conversión de 'double' a 'float'; posible pérdida de datos
D:\Documentos Main\CMgra\LAB\repos vs\ProyectoFinal\proyecto.cpp(822,11): warning C4244: '=': conversión de 'double' a 'float'; posible pérdida de datos
D:\Documentos Main\CMgra\LAB\repos vs\ProyectoFinal\proyecto.cpp(823,11): warning C4244: '=': conversión de 'double' a 'float'; posible pérdida de datos
D:\Documentos Main\CMgra\LAB\repos vs\ProyectoFinal\proyecto.cpp(827,16): warning C4244: 'inicializando': conversión de 'double' a 'float'; posible pérdida de datos
D:\Documentos Main\CMgra\LAB\repos vs\ProyectoFinal\proyecto.cpp(828,16): warning C4244: 'inicializando': conversión de 'double' a 'float'; posible pérdida de datos
D:\Documentos Main\CMgra\LAB\repos vs\ProyectoFinal\proyecto.cpp(830,10): warning C4244: '=': conversión de 'double' a 'float'; posible pérdida de datos
D:\Documentos Main\CMgra\LAB\repos vs\ProyectoFinal\proyecto.cpp(831,10): warning C4244: '=': conversión de 'double' a 'float'; posible pérdida de datos
D:\Documentos Main\CMgra\LAB\repos vs\ProyectoFinal\proyecto.cpp(839,28): warning C4244: 'argumento': conversión de 'double' a 'float'; posible pérdida de datos
LINK : warning LNK4075: se omite '/INCREMENTAL' debido a la especificación '/LTCG'
LINK : warning LNK4098: la biblioteca predeterminada'MSVCRTD' entra en conflicto con otras bibliotecas; use la biblioteca /NODEFAULTLIB:biblioteca
  Generando código
  Previous IPDB not found, fall back to full compilation.
  All 1274 functions were compiled because no usable IPDB/IOBJ from previous compilation was found.
  Generación de código finalizada
glfw3.lib(context.obj) : warning LNK4099: no se encontró PDB 'glfw.pdb' con 'glfw3.lib(context.obj)' o en 'D:\Documentos Main\CMgra\LAB\repos vs\ProyectoFinal\Release\glfw.pdb'; se vinculará el objeto sin tener en cuenta información de depuración
glfw3.lib(init.obj) : warning LNK4099: no se encontró PDB 'glfw.pdb' con 'glfw3.lib(init.obj)' o en 'D:\Documentos Main\CMgra\LAB\repos vs\ProyectoFinal\Release\glfw.pdb'; se vinculará el objeto sin tener en cuenta información de depuración
glfw3.lib(input.obj) : warning LNK4099: no se encontró PDB 'glfw.pdb' con 'glfw3.lib(input.obj)' o en 'D:\Documentos Main\CMgra\LAB\repos vs\ProyectoFinal\Release\glfw.pdb'; se vinculará el objeto sin tener en cuenta información de depuración
glfw3.lib(monitor.obj) : warning LNK4099: no se encontró PDB 'glfw.pdb' con 'glfw3.lib(monitor.obj)' o en 'D:\Documentos Main\CMgra\LAB\repos vs\ProyectoFinal\Release\glfw.pdb'; se vinculará el objeto sin tener en cuenta información de depuración
glfw3.lib(vulkan.obj) : warning LNK4099: no se encontró PDB 'glfw.pdb' con 'glfw3.lib(vulkan.obj)' o en 'D:\Documentos Main\CMgra\LAB\repos vs\ProyectoFinal\Release\glfw.pdb'; se vinculará el objeto sin tener en cuenta información de depuración
glfw3.lib(window.obj) : warning LNK4099: no se encontró PDB 'glfw.pdb' con 'glfw3.lib(window.obj)' o en 'D:\Documentos Main\CMgra\LAB\repos vs\ProyectoFinal\Release\glfw.pdb'; se vinculará el objeto sin tener en cuenta información de depuración
glfw3.lib(win32_init.obj) : warning LNK4099: no se encontró PDB 'glfw.pdb' con 'glfw3.lib(win32_init.obj)' o en 'D:\Documentos Main\CMgra\LAB\repos vs\ProyectoFinal\Release\glfw.pdb'; se vinculará el objeto sin tener en cuenta información de depuración
glfw3.lib(win32_joystick.obj) : warning LNK4099: no se encontró PDB 'glfw.pdb' con 'glfw3.lib(win32_joystick.obj)' o en 'D:\Documentos Main\CMgra\LAB\repos vs\ProyectoFinal\Release\glfw.pdb'; se vinculará el objeto sin tener en cuenta información de depuración
glfw3.lib(win32_monitor.obj) : warning LNK4099: no se encontró PDB 'glfw.pdb' con 'glfw3.lib(win32_monitor.obj)' o en 'D:\Documentos Main\CMgra\LAB\repos vs\ProyectoFinal\Release\glfw.pdb'; se vinculará el objeto sin tener en cuenta información de depuración
glfw3.lib(win32_time.obj) : warning LNK4099: no se encontró PDB 'glfw.pdb' con 'glfw3.lib(win32_time.obj)' o en 'D:\Documentos Main\CMgra\LAB\repos vs\ProyectoFinal\Release\glfw.pdb'; se vinculará el objeto sin tener en cuenta información de depuración
glfw3.lib(win32_thread.obj) : warning LNK4099: no se encontró PDB 'glfw.pdb' con 'glfw3.lib(win32_thread.obj)' o en 'D:\Documentos Main\CMgra\LAB\repos vs\ProyectoFinal\Release\glfw.pdb'; se vinculará el objeto sin tener en cuenta información de depuración
glfw3.lib(win32_window.obj) : warning LNK4099: no se encontró PDB 'glfw.pdb' con 'glfw3.lib(win32_window.obj)' o en 'D:\Documentos Main\CMgra\LAB\repos vs\ProyectoFinal\Release\glfw.pdb'; se vinculará el objeto sin tener en cuenta información de depuración
glfw3.lib(wgl_context.obj) : warning LNK4099: no se encontró PDB 'glfw.pdb' con 'glfw3.lib(wgl_context.obj)' o en 'D:\Documentos Main\CMgra\LAB\repos vs\ProyectoFinal\Release\glfw.pdb'; se vinculará el objeto sin tener en cuenta información de depuración
glfw3.lib(egl_context.obj) : warning LNK4099: no se encontró PDB 'glfw.pdb' con 'glfw3.lib(egl_context.obj)' o en 'D:\Documentos Main\CMgra\LAB\repos vs\ProyectoFinal\Release\glfw.pdb'; se vinculará el objeto sin tener en cuenta información de depuración
glfw3.lib(osmesa_context.obj) : warning LNK4099: no se encontró PDB '' con 'glfw3.lib(osmesa_context.obj)' o en ''; se vinculará el objeto sin tener en cuenta información de depuración
  ProyectoFinal.vcxproj -> D:\Documentos Main\CMgra\LAB\repos vs\ProyectoFinal\Release\ProyectoFinal.exe
